[2026-03-25T09:35:23.023Z] ════════════════════════════════════════
[2026-03-25T09:35:23.025Z]   LinkedIn Auto-Connect — Starting      
[2026-03-25T09:35:23.025Z]   Target: 20 connections  
[2026-03-25T09:35:23.025Z] ════════════════════════════════════════
[2026-03-25T09:35:23.026Z] Launching Chrome browser...
[2026-03-25T09:35:24.139Z] Opening LinkedIn login page...
[2026-03-25T09:35:27.606Z] Typing email...
[2026-03-25T09:35:30.454Z] Typing password...
[2026-03-25T09:35:32.818Z] Clicking Sign In...
[2026-03-25T09:35:39.050Z] URL after login: https://www.linkedin.com/checkpoint/challenge/AgEYBQ8q7KueugAAAZ0kWT26wSeLFmKMvPy4_zDgoRAQkNhjs1Sc82irQEmR6hvJSyg2vVdcC7ND5fs3AC2NWBlfj_hCwg?ut=0H8XF8YtvvgIc1
[2026-03-25T09:35:39.051Z] 
[2026-03-25T09:35:39.052Z] ⚠️  ══════════════════════════════════════════
[2026-03-25T09:35:39.053Z] ⚠️  VERIFICATION REQUIRED!
[2026-03-25T09:35:39.054Z] ⚠️  Please complete the verification manually
[2026-03-25T09:35:39.054Z] ⚠️  in the browser window that just opened.
[2026-03-25T09:35:39.055Z] ⚠️  Waiting up to 2 minutes...
[2026-03-25T09:35:39.056Z] ⚠️  ══════════════════════════════════════════
[2026-03-25T09:35:39.056Z] 
[2026-03-25T09:37:05.062Z] ✅ Logged in successfully!
[2026-03-25T09:37:05.655Z] Session saved — next run will skip login.
[2026-03-25T09:37:05.656Z] 
[2026-03-25T09:37:05.656Z] Navigating to My Network page...
[2026-03-25T09:37:12.630Z] ✅ On My Network page!
[2026-03-25T09:37:12.630Z] 
[2026-03-25T09:37:12.631Z] Starting to send connection requests (max: 20)...
[2026-03-25T09:37:12.632Z] ────────────────────────────────────────
[2026-03-25T09:37:13.343Z] Found 25 Connect button(s) on screen.
[2026-03-25T09:37:13.348Z] → Connecting with: Ignore an invitation  from igasubiza vainqueur
[2026-03-25T09:37:18.123Z]   ✅ Sent! [1/20]
[2026-03-25T09:37:18.124Z]   Pausing 11s...
[2026-03-25T09:37:29.500Z] → Connecting with: KARTHIKEYA UPPALA
[2026-03-25T09:37:34.414Z]   ✅ Sent! [2/20]
[2026-03-25T09:37:34.415Z]   Pausing 9s...
[2026-03-25T09:37:43.773Z] → Connecting with: Pooja A.
[2026-03-25T09:37:48.408Z]   ✅ Sent! [3/20]
[2026-03-25T09:37:48.409Z]   Pausing 8s...
[2026-03-25T09:37:56.758Z] → Connecting with: Mahesh Sai
[2026-03-25T09:38:01.108Z]   ✅ Sent! [4/20]
[2026-03-25T09:38:01.109Z]   Pausing 7s...
[2026-03-25T09:38:08.560Z] → Connecting with: Mathew K Sojan
[2026-03-25T09:38:13.707Z]   ✅ Sent! [5/20]
[2026-03-25T09:38:13.708Z]   Pausing 7s...
[2026-03-25T09:38:20.752Z] → Connecting with: Mohil Hasan
[2026-03-25T09:38:25.662Z]   ✅ Sent! [6/20]
[2026-03-25T09:38:25.663Z]   Pausing 5s...
[2026-03-25T09:38:31.037Z] → Connecting with: Dhruv Jain
[2026-03-25T09:38:35.267Z]   ✅ Sent! [7/20]
[2026-03-25T09:38:35.268Z]   Pausing 7s...
[2026-03-25T09:38:42.488Z] → Connecting with: Arjun Mishra
[2026-03-25T09:38:46.912Z]   ✅ Sent! [8/20]
[2026-03-25T09:38:46.913Z]   Pausing 6s...
[2026-03-25T09:38:53.115Z] → Connecting with: MANJU NATH T
[2026-03-25T09:38:57.106Z]   ✅ Sent! [9/20]
[2026-03-25T09:38:57.107Z]   Pausing 11s...
[2026-03-25T09:39:08.536Z] → Connecting with: Beas Sen
[2026-03-25T09:39:13.121Z]   ✅ Sent! [10/20]
[2026-03-25T09:39:13.122Z]   Pausing 7s...
[2026-03-25T09:39:20.278Z] → Connecting with: Amitabh Shukla
[2026-03-25T09:39:24.273Z]   ✅ Sent! [11/20]
[2026-03-25T09:39:24.275Z]   Pausing 7s...
[2026-03-25T09:39:31.729Z] → Connecting with: Venkateshwar Reddy Nelavetla
[2026-03-25T09:39:35.968Z]   ✅ Sent! [12/20]
[2026-03-25T09:39:35.969Z]   Pausing 7s...
[2026-03-25T09:39:43.183Z] → Connecting with: Masud Mallick
[2026-03-25T09:39:48.253Z]   ✅ Sent! [13/20]
[2026-03-25T09:39:48.254Z]   Pausing 10s...
[2026-03-25T09:39:58.477Z] → Connecting with: GITAM School of Humanities and Social Sciences Visakhapatnam
[2026-03-25T09:40:03.303Z]   ✅ Sent! [14/20]
[2026-03-25T09:40:03.304Z]   Pausing 7s...
[2026-03-25T09:40:10.412Z] → Connecting with: Hemanth sai kumar Gundapu
[2026-03-25T09:40:15.358Z]   ✅ Sent! [15/20]
[2026-03-25T09:40:15.359Z]   Pausing 6s...
[2026-03-25T09:40:21.776Z] → Connecting with: Nasreen Khan
[2026-03-25T09:40:26.819Z]   ✅ Sent! [16/20]
[2026-03-25T09:40:26.820Z]   Pausing 9s...
[2026-03-25T09:40:36.050Z] → Connecting with: Alina Altynbayeva
[2026-03-25T09:40:40.675Z]   ✅ Sent! [17/20]
[2026-03-25T09:40:40.676Z]   Pausing 5s...
[2026-03-25T09:40:45.944Z] → Connecting with: Asna Parveen K P
[2026-03-25T09:40:50.035Z]   ✅ Sent! [18/20]
[2026-03-25T09:40:50.036Z]   Pausing 10s...
[2026-03-25T09:41:00.406Z] → Connecting with: Kiran Kiran
[2026-03-25T09:41:05.199Z]   ✅ Sent! [19/20]
[2026-03-25T09:41:05.200Z]   Pausing 10s...
[2026-03-25T09:41:15.427Z] → Connecting with: Anmol Durani
[2026-03-25T09:41:20.500Z]   ✅ Sent! [20/20]
[2026-03-25T09:41:20.501Z]   Pausing 5s...
[2026-03-25T09:41:25.860Z] 
[2026-03-25T09:41:25.862Z] ════════════════════════════════════════
[2026-03-25T09:41:25.862Z]   ✅ COMPLETE! Sent 20 connection requests.
[2026-03-25T09:41:25.863Z]   Log saved to: logs/activity.log
[2026-03-25T09:41:25.864Z] ════════════════════════════════════════
[2026-03-26T16:52:03.952Z] ════════════════════════════════════════
[2026-03-26T16:52:03.954Z]   LinkedIn Auto-Connect — Starting      
[2026-03-26T16:52:03.955Z]   Target: 20 connections  
[2026-03-26T16:52:03.956Z] ════════════════════════════════════════
[2026-03-26T16:52:03.957Z] Launching Chrome browser...
[2026-03-26T16:52:04.949Z] Found saved session — will try to skip login.
[2026-03-26T16:52:05.553Z] Opening LinkedIn login page...
[2026-03-26T16:52:13.344Z] ✅ Already logged in (session reused)!
[2026-03-26T16:52:13.345Z] 
[2026-03-26T16:52:13.346Z] Navigating to My Network page...
[2026-03-26T16:52:22.147Z] ✅ On My Network page!
[2026-03-26T16:52:22.149Z] 
[2026-03-26T16:52:22.150Z] Starting to send connection requests (max: 20)...
[2026-03-26T16:52:22.151Z] ────────────────────────────────────────
[2026-03-26T16:52:24.116Z] Found 24 Connect button(s) on screen.
[2026-03-26T16:52:24.122Z] → Connecting with: Haridas Malviya
[2026-03-26T16:52:28.794Z]   ✅ Sent! [1/20]
[2026-03-26T16:52:28.796Z]   Pausing 9s...
[2026-03-26T16:52:37.832Z] → Connecting with: Ahana Saha
[2026-03-26T16:52:42.489Z]   ✅ Sent! [2/20]
[2026-03-26T16:52:42.493Z]   Pausing 12s...
[2026-03-26T16:52:54.894Z] → Connecting with: Shruti Alluri
[2026-03-26T16:52:59.247Z]   ✅ Sent! [3/20]
[2026-03-26T16:52:59.249Z]   Pausing 8s...
[2026-03-26T16:53:07.723Z] → Connecting with: Absira Nisa
[2026-03-26T16:53:12.781Z]   ✅ Sent! [4/20]
[2026-03-26T16:53:12.782Z]   Pausing 6s...
[2026-03-26T16:53:18.985Z] → Connecting with: Krishna Mol MS
[2026-03-26T16:53:23.848Z]   ✅ Sent! [5/20]
[2026-03-26T16:53:23.850Z]   Pausing 5s...
[2026-03-26T16:53:29.072Z] → Connecting with: Minha Fathima
[2026-03-26T16:53:33.768Z]   ✅ Sent! [6/20]
[2026-03-26T16:53:33.770Z]   Pausing 6s...
[2026-03-26T16:53:40.237Z] → Connecting with: Gobinda Barman
[2026-03-26T16:53:44.597Z]   ✅ Sent! [7/20]
[2026-03-26T16:53:44.599Z]   Pausing 10s...
[2026-03-26T16:53:54.771Z] → Connecting with: jiban dahal
[2026-03-26T16:53:58.801Z]   ✅ Sent! [8/20]
[2026-03-26T16:53:58.803Z]   Pausing 6s...
[2026-03-26T16:54:05.186Z] → Connecting with: Ammineni Chinnmayee
[2026-03-26T16:54:09.532Z]   ✅ Sent! [9/20]
[2026-03-26T16:54:09.533Z]   Pausing 7s...
[2026-03-26T16:54:16.754Z] → Connecting with: Sai Roshitha naidu Karri
[2026-03-26T16:54:21.343Z]   ✅ Sent! [10/20]
[2026-03-26T16:54:21.344Z]   Pausing 12s...
[2026-03-26T16:54:33.425Z] → Connecting with: Kummari Abhignya
[2026-03-26T16:54:38.114Z]   ✅ Sent! [11/20]
[2026-03-26T16:54:38.116Z]   Pausing 5s...
[2026-03-26T16:54:43.425Z] → Connecting with: Geethika Sanapala
[2026-03-26T16:54:48.261Z]   ✅ Sent! [12/20]
[2026-03-26T16:54:48.262Z]   Pausing 7s...
[2026-03-26T16:54:55.677Z] → Connecting with: Joselin Cecilia Rueda Matute
[2026-03-26T16:55:00.624Z]   ✅ Sent! [13/20]
[2026-03-26T16:55:00.626Z]   Pausing 9s...
[2026-03-26T16:55:09.951Z] → Connecting with: Shana Behra
[2026-03-26T16:55:14.785Z]   ✅ Sent! [14/20]
[2026-03-26T16:55:14.786Z]   Pausing 7s...
[2026-03-26T16:55:22.153Z] → Connecting with: Shirisha Bedampeta
[2026-03-26T16:55:26.902Z]   ✅ Sent! [15/20]
[2026-03-26T16:55:26.904Z]   Pausing 10s...
[2026-03-26T16:55:37.007Z] → Connecting with: MANNE SIVA LAHARI
[2026-03-26T16:55:41.130Z]   ✅ Sent! [16/20]
[2026-03-26T16:55:41.133Z]   Pausing 11s...
[2026-03-26T16:55:52.568Z] → Connecting with: Pongubala Harshavardhan
[2026-03-26T16:55:57.214Z]   ✅ Sent! [17/20]
[2026-03-26T16:55:57.216Z]   Pausing 8s...
[2026-03-26T16:56:05.617Z] → Connecting with: Tandav hatiboruah
[2026-03-26T16:56:09.911Z]   ✅ Sent! [18/20]
[2026-03-26T16:56:09.913Z]   Pausing 10s...
[2026-03-26T16:56:20.256Z] → Connecting with: mahitha puvvala
[2026-03-26T16:56:25.384Z]   ✅ Sent! [19/20]
[2026-03-26T16:56:25.386Z]   Pausing 10s...
[2026-03-26T16:56:35.725Z] → Connecting with: Shanay Grant
[2026-03-26T16:56:40.441Z]   ✅ Sent! [20/20]
[2026-03-26T16:56:40.443Z]   Pausing 7s...
[2026-03-26T16:56:47.484Z] 
[2026-03-26T16:56:47.486Z] ════════════════════════════════════════
[2026-03-26T16:56:47.487Z]   ✅ COMPLETE! Sent 20 connection requests.
[2026-03-26T16:56:47.488Z]   Log saved to: logs/activity.log
[2026-03-26T16:56:47.488Z] ════════════════════════════════════════
